[2024-08-13 23:55:57,669: WARNING/MainProcess] /usr/local/lib/python3.12/site-packages/celery/worker/consumer/consumer.py:508: CPendingDeprecationWarning: The broker_connection_retry configuration setting will no longer determine
whether broker connection retries are made during startup in Celery 6.0 and above.
If you wish to retain the existing behavior for retrying connections on startup,
you should set broker_connection_retry_on_startup to True.
  warnings.warn(

[2024-08-13 23:55:57,723: INFO/MainProcess] Connected to redis://redis:6379/0
[2024-08-13 23:55:57,728: WARNING/MainProcess] /usr/local/lib/python3.12/site-packages/celery/worker/consumer/consumer.py:508: CPendingDeprecationWarning: The broker_connection_retry configuration setting will no longer determine
whether broker connection retries are made during startup in Celery 6.0 and above.
If you wish to retain the existing behavior for retrying connections on startup,
you should set broker_connection_retry_on_startup to True.
  warnings.warn(

[2024-08-13 23:55:57,750: INFO/MainProcess] mingle: searching for neighbors
[2024-08-13 23:55:58,778: INFO/MainProcess] mingle: all alone
[2024-08-13 23:55:58,811: INFO/MainProcess] celery@f3e33fd18565 ready.
[2024-08-13 23:56:50,577: WARNING/MainProcess] /usr/local/lib/python3.12/site-packages/celery/worker/consumer/consumer.py:508: CPendingDeprecationWarning: The broker_connection_retry configuration setting will no longer determine
whether broker connection retries are made during startup in Celery 6.0 and above.
If you wish to retain the existing behavior for retrying connections on startup,
you should set broker_connection_retry_on_startup to True.
  warnings.warn(

[2024-08-13 23:56:50,602: INFO/MainProcess] Connected to redis://redis:6379/0
[2024-08-13 23:56:50,604: WARNING/MainProcess] /usr/local/lib/python3.12/site-packages/celery/worker/consumer/consumer.py:508: CPendingDeprecationWarning: The broker_connection_retry configuration setting will no longer determine
whether broker connection retries are made during startup in Celery 6.0 and above.
If you wish to retain the existing behavior for retrying connections on startup,
you should set broker_connection_retry_on_startup to True.
  warnings.warn(

[2024-08-13 23:56:50,613: INFO/MainProcess] mingle: searching for neighbors
[2024-08-13 23:56:51,639: INFO/MainProcess] mingle: all alone
[2024-08-13 23:56:51,672: INFO/MainProcess] celery@f3e33fd18565 ready.
[2024-08-13 23:57:52,499: WARNING/MainProcess] /usr/local/lib/python3.12/site-packages/celery/worker/consumer/consumer.py:508: CPendingDeprecationWarning: The broker_connection_retry configuration setting will no longer determine
whether broker connection retries are made during startup in Celery 6.0 and above.
If you wish to retain the existing behavior for retrying connections on startup,
you should set broker_connection_retry_on_startup to True.
  warnings.warn(

[2024-08-13 23:57:52,527: INFO/MainProcess] Connected to redis://redis:6379/0
[2024-08-13 23:57:52,532: WARNING/MainProcess] /usr/local/lib/python3.12/site-packages/celery/worker/consumer/consumer.py:508: CPendingDeprecationWarning: The broker_connection_retry configuration setting will no longer determine
whether broker connection retries are made during startup in Celery 6.0 and above.
If you wish to retain the existing behavior for retrying connections on startup,
you should set broker_connection_retry_on_startup to True.
  warnings.warn(

[2024-08-13 23:57:52,539: INFO/MainProcess] mingle: searching for neighbors
[2024-08-13 23:57:53,569: INFO/MainProcess] mingle: all alone
[2024-08-13 23:57:53,605: INFO/MainProcess] celery@f3e33fd18565 ready.
[2024-08-14 00:01:46,764: WARNING/MainProcess] /usr/local/lib/python3.12/site-packages/celery/worker/consumer/consumer.py:508: CPendingDeprecationWarning: The broker_connection_retry configuration setting will no longer determine
whether broker connection retries are made during startup in Celery 6.0 and above.
If you wish to retain the existing behavior for retrying connections on startup,
you should set broker_connection_retry_on_startup to True.
  warnings.warn(

[2024-08-14 00:01:46,804: INFO/MainProcess] Connected to redis://redis:6379/0
[2024-08-14 00:01:46,813: WARNING/MainProcess] /usr/local/lib/python3.12/site-packages/celery/worker/consumer/consumer.py:508: CPendingDeprecationWarning: The broker_connection_retry configuration setting will no longer determine
whether broker connection retries are made during startup in Celery 6.0 and above.
If you wish to retain the existing behavior for retrying connections on startup,
you should set broker_connection_retry_on_startup to True.
  warnings.warn(

[2024-08-14 00:01:46,824: INFO/MainProcess] mingle: searching for neighbors
[2024-08-14 00:01:47,865: INFO/MainProcess] mingle: all alone
[2024-08-14 00:01:47,907: INFO/MainProcess] celery@4e50095376e7 ready.
[2024-08-14 00:02:28,697: WARNING/MainProcess] /usr/local/lib/python3.12/site-packages/celery/worker/consumer/consumer.py:508: CPendingDeprecationWarning: The broker_connection_retry configuration setting will no longer determine
whether broker connection retries are made during startup in Celery 6.0 and above.
If you wish to retain the existing behavior for retrying connections on startup,
you should set broker_connection_retry_on_startup to True.
  warnings.warn(

[2024-08-14 00:02:28,725: INFO/MainProcess] Connected to redis://redis:6379/0
[2024-08-14 00:02:28,729: WARNING/MainProcess] /usr/local/lib/python3.12/site-packages/celery/worker/consumer/consumer.py:508: CPendingDeprecationWarning: The broker_connection_retry configuration setting will no longer determine
whether broker connection retries are made during startup in Celery 6.0 and above.
If you wish to retain the existing behavior for retrying connections on startup,
you should set broker_connection_retry_on_startup to True.
  warnings.warn(

[2024-08-14 00:02:28,741: INFO/MainProcess] mingle: searching for neighbors
[2024-08-14 00:02:29,766: INFO/MainProcess] mingle: all alone
[2024-08-14 00:02:29,796: INFO/MainProcess] celery@4e50095376e7 ready.
